0 info it worked if it ends with ok
1 verbose cli [ 'C:\\Program Files\\nodejs\\node.exe',
1 verbose cli   'C:\\Program Files\\nodejs\\node_modules\\npm\\bin\\npm-cli.js',
1 verbose cli   'run',
1 verbose cli   'start',
1 verbose cli   '--scripts-prepend-node-path=auto' ]
2 info using npm@3.10.10
3 info using node@v6.11.1
4 verbose run-script [ 'prestart', 'start', 'poststart' ]
5 info lifecycle Micro@~prestart: Micro@
6 silly lifecycle Micro@~prestart: no script for prestart, continuing
7 info lifecycle Micro@~start: Micro@
8 verbose lifecycle Micro@~start: unsafe-perm in lifecycle true
9 verbose lifecycle Micro@~start: PATH: C:\Program Files\nodejs\node_modules\npm\bin\node-gyp-bin;C:\laragon\www\Micro\node_modules\.bin;C:\ProgramData\Oracle\Java\javapath;C:\Program Files (x86)\Intel\iCLS Client\;C:\Program Files\Intel\iCLS Client\;C:\Windows\system32;C:\Windows;C:\Windows\System32\Wbem;C:\Windows\System32\WindowsPowerShell\v1.0\;C:\Program Files (x86)\NVIDIA Corporation\PhysX\Common;C:\Program Files\Intel\WiFi\bin\;C:\Program Files\Common Files\Intel\WirelessCommon\;C:\WINDOWS\system32;C:\WINDOWS;C:\WINDOWS\System32\Wbem;C:\WINDOWS\System32\WindowsPowerShell\v1.0\;C:\Program Files (x86)\Intel\Intel(R) Management Engine Components\DAL;C:\Program Files\Intel\Intel(R) Management Engine Components\DAL;C:\Program Files (x86)\Intel\Intel(R) Management Engine Components\IPT;C:\Program Files\Intel\Intel(R) Management Engine Components\IPT;C:\Program Files (x86)\Skype\Phone\;C:\Program Files\nodejs\;C:\Users\jeuxp\AppData\Local\Android\sdk\platform-tools;C:\Users\jeuxp\AppData\Local\Android\sdk\tools;C:\Program Files\Java\jdk1.8.0_91\bin;C:\Program Files\Android\Android Studio\gradle\gradle-3.2\bin;C:\Users\jeuxp\AppData\Local\Microsoft\WindowsApps;C:\Users\jeuxp\AppData\Roaming\npm;C:\Program Files (x86)\Microsoft VS Code\bin;C:\Users\jeuxp\AppData\Local\Android\sdk\tools;C:\Users\jeuxp\AppData\Local\Android\sdk\platform-tools;C:\Users\jeuxp\AppData\Local\.meteor\
10 verbose lifecycle Micro@~start: CWD: C:\laragon\www\Micro
11 silly lifecycle Micro@~start: Args: [ '/d /s /c', 'meteor run' ]
12 silly lifecycle Micro@~start: Returned: code: 254  signal: null
13 info lifecycle Micro@~start: Failed to exec start script
14 verbose stack Error: Micro@ start: `meteor run`
14 verbose stack Exit status 254
14 verbose stack     at EventEmitter.<anonymous> (C:\Program Files\nodejs\node_modules\npm\lib\utils\lifecycle.js:255:16)
14 verbose stack     at emitTwo (events.js:106:13)
14 verbose stack     at EventEmitter.emit (events.js:191:7)
14 verbose stack     at ChildProcess.<anonymous> (C:\Program Files\nodejs\node_modules\npm\lib\utils\spawn.js:40:14)
14 verbose stack     at emitTwo (events.js:106:13)
14 verbose stack     at ChildProcess.emit (events.js:191:7)
14 verbose stack     at maybeClose (internal/child_process.js:891:16)
14 verbose stack     at Process.ChildProcess._handle.onexit (internal/child_process.js:226:5)
15 verbose pkgid Micro@
16 verbose cwd C:\laragon\www\Micro
17 error Windows_NT 10.0.15063
18 error argv "C:\\Program Files\\nodejs\\node.exe" "C:\\Program Files\\nodejs\\node_modules\\npm\\bin\\npm-cli.js" "run" "start" "--scripts-prepend-node-path=auto"
19 error node v6.11.1
20 error npm  v3.10.10
21 error code ELIFECYCLE
22 error Micro@ start: `meteor run`
22 error Exit status 254
23 error Failed at the Micro@ start script 'meteor run'.
23 error Make sure you have the latest version of node.js and npm installed.
23 error If you do, this is most likely a problem with the Micro package,
23 error not with npm itself.
23 error Tell the author that this fails on your system:
23 error     meteor run
23 error You can get information on how to open an issue for this project with:
23 error     npm bugs Micro
23 error Or if that isn't available, you can get their info via:
23 error     npm owner ls Micro
23 error There is likely additional logging output above.
24 verbose exit [ 1, true ]
